<?xml version="1.0" encoding="UTF-8"?>
<!-- Generated by org.testng.reporters.JUnitReportReporter -->
<testsuite hostname="DESKTOP-JHJR3MJ" failures="0" tests="4" name="com.saucedemo.tests.Test_Login" time="7.447" errors="0" timestamp="2022-06-26T14:28:20 EDT" skipped="0">
  <testcase classname="com.saucedemo.tests.Test_Login" name="verifyLogin" time="0.535"/>
  <system-out/>
  <testcase classname="com.saucedemo.tests.Test_Login" name="verifyLogin" time="0.869"/>
  <system-out/>
  <testcase classname="com.saucedemo.tests.Test_Login" name="verifyLogin" time="5.614"/>
  <system-out/>
  <testcase classname="com.saucedemo.tests.Test_Login" name="verifyLogin" time="0.429"/>
  <system-out/>
</testsuite> <!-- com.saucedemo.tests.Test_Login -->
