<?xml version="1.0" encoding="UTF-8"?>
<!-- Generated by org.testng.reporters.JUnitReportReporter -->
<testsuite hostname="DESKTOP-JHJR3MJ" failures="0" tests="2" name="com.saucedemo.tests.CheckoutTest" time="7.362" errors="0" timestamp="2022-06-23T13:26:51 EDT" skipped="0">
  <testcase classname="com.saucedemo.tests.CheckoutTest" name="LoginTest" time="0.012"/>
  <system-out/>
  <testcase classname="com.saucedemo.tests.CheckoutTest" name="verifyCheckOut" time="7.350"/>
  <system-out/>
</testsuite> <!-- com.saucedemo.tests.CheckoutTest -->
