<?xml version="1.0" encoding="UTF-8"?>
<!-- Generated by org.testng.reporters.JUnitReportReporter -->
<testsuite hostname="DESKTOP-JHJR3MJ" failures="0" tests="1" name="com.saucedemo.config.BaseEvents" time="0.005" errors="0" timestamp="2022-06-22T15:01:05 EDT" skipped="0">
  <testcase classname="com.saucedemo.config.BaseEvents" name="LoginTest" time="0.005"/>
  <system-out/>
</testsuite> <!-- com.saucedemo.config.BaseEvents -->
