<?xml version="1.0" encoding="UTF-8"?>
<!-- Generated by org.testng.reporters.JUnitReportReporter -->
<testsuite hostname="DESKTOP-JHJR3MJ" failures="0" tests="1" name="techpanda.BaseEvents" time="0.014" errors="0" timestamp="2022-06-20T17:00:40 EDT" skipped="0">
  <testcase classname="techpanda.BaseEvents" name="sutt" time="0.014"/>
  <system-out/>
</testsuite> <!-- techpanda.BaseEvents -->
