<?xml version="1.0" encoding="UTF-8"?>
<!-- Generated by org.testng.reporters.JUnitReportReporter -->
<testsuite hostname="DESKTOP-JHJR3MJ" failures="0" tests="4" name="com.saucedemo.tests.LoginTest" time="11.567" errors="0" timestamp="2022-06-22T23:28:12 EDT" skipped="0">
  <testcase classname="com.saucedemo.tests.LoginTest" name="LoginTest" time="0.010"/>
  <system-out/>
  <testcase classname="com.saucedemo.tests.LoginTest" name="verifyLogin" time="8.247"/>
  <system-out/>
  <testcase classname="com.saucedemo.tests.LoginTest" name="verifyLogin" time="0.383"/>
  <system-out/>
  <testcase classname="com.saucedemo.tests.LoginTest" name="verifyLogin" time="2.927"/>
  <system-out/>
</testsuite> <!-- com.saucedemo.tests.LoginTest -->
