<?xml version="1.0" encoding="UTF-8"?>
<!-- Generated by org.testng.reporters.JUnitReportReporter -->
<testsuite hostname="DESKTOP-JHJR3MJ" failures="0" tests="1" name="com.saucedemo.tests.Test_CheckOut" time="1.759" errors="0" timestamp="2022-06-26T14:28:20 EDT" skipped="0">
  <testcase classname="com.saucedemo.tests.Test_CheckOut" name="verifyCheckOut" time="1.759"/>
  <system-out/>
</testsuite> <!-- com.saucedemo.tests.Test_CheckOut -->
