<?xml version="1.0" encoding="UTF-8"?>
<!-- Generated by org.testng.reporters.JUnitReportReporter -->
<testsuite hostname="DESKTOP-JHJR3MJ" failures="0" tests="1" name="com.saucedemo.tests.Class1" time="0.021" errors="0" timestamp="2022-06-25T11:28:33 EDT" skipped="0">
  <testcase classname="com.saucedemo.tests.Class1" name="class1" time="0.021"/>
  <system-out/>
</testsuite> <!-- com.saucedemo.tests.Class1 -->
